[2025-08-01 17:54:27][INFO][MainThread][Query: Could you provide me with the current status of the U.S. flag along with any recent half-staff events? I'm looking for the latest updates on this matter.]
[2025-08-01 17:54:30][INFO][MainThread][Experience retrieval time: 2.83s]
[2025-08-01 17:54:30][INFO][MainThread][Judge usability prompt: 
You are an intelligent task scheduling assessment expert. 
Your job is to determine whether a historical experience could help solve a new user query.

Current user query:
Could you provide me with the current status of the U.S. flag along with any recent half-staff events? I'm looking for the latest updates on this matter.
Historical experience:
{'experience_id': '4b61e31c-283a-4c38-b23c-ef2aadd25396', 'task_scene': 'Government and civic information query', 'score': 1.0, 'subtask_intents': ['Check current status of the U.S. flag', 'Get information on recent half-staff events'], 'execution_type': 'sequential', 'merge_logic': 'merge', 'execution_strategy': ["Question:Could you provide me with the current status of the U.S. flag along with any recent half-staff events? I'm looking for the latest updates on this matter.", 'Action 1: Invoke the "functions.get_current_status_for_given_flag_for_flag_status" API to obtain the current status of the U.S. flag.', 'Action 2: functions.get_current_status_for_given_flag_for_flag_status{"code": "us"}', 'Action 3: functions.get_half_staff_events_for_given_flag_for_flag_status{"code": "us"}', 'Action 4: Finish{"final_answer": "The current status of the U.S. flag is \'Full-staff.\' Recently, there was an event where the flag was ordered to be flown at half-staff by the President from January 22 to January 26, 2023, in honor of the victims of the violence in Monterey Park, California.", "return_type": "give_answer"}'], 'tool_details': [{'category_name': 'Events', 'tool_name': 'Flag Status', 'api_name': 'Get half-staff events for given flag'}, {'category_name': 'Events', 'tool_name': 'Flag Status', 'api_name': 'Get current status for given flag'}], 'reuse_count': 1}

Please answer only "yes" or "no" (lowercase):

Criteria:
- If any part of the historical experience (scene, subtask intents) **matches the type of task or information** in the current query, answer "yes".
- If the tools used in the historical experience could be reused or adapted to solve (part of) the current query, answer "yes".
- Otherwise, answer "no".

]
[2025-08-01 17:54:31][INFO][MainThread][Judge response: yes]
[2025-08-01 17:54:31][INFO][MainThread][{
  "experience_id": "4b61e31c-283a-4c38-b23c-ef2aadd25396",
  "task_scene": "Government and civic information query",
  "score": 1.0,
  "subtask_intents": [
    "Check current status of the U.S. flag",
    "Get information on recent half-staff events"
  ],
  "execution_type": "sequential",
  "merge_logic": "merge",
  "execution_strategy": [
    "Question:Could you provide me with the current status of the U.S. flag along with any recent half-staff events? I'm looking for the latest updates on this matter.",
    "Action 1: Invoke the \"functions.get_current_status_for_given_flag_for_flag_status\" API to obtain the current status of the U.S. flag.",
    "Action 2: functions.get_current_status_for_given_flag_for_flag_status{\"code\": \"us\"}",
    "Action 3: functions.get_half_staff_events_for_given_flag_for_flag_status{\"code\": \"us\"}",
    "Action 4: Finish{\"final_answer\": \"The current status of the U.S. flag is 'Full-staff.' Recently, there was an event where the flag was ordered to be flown at half-staff by the President from January 22 to January 26, 2023, in honor of the victims of the violence in Monterey Park, California.\", \"return_type\": \"give_answer\"}"
  ],
  "tool_details": [
    {
      "category_name": "Events",
      "tool_name": "Flag Status",
      "api_name": "Get half-staff events for given flag"
    },
    {
      "category_name": "Events",
      "tool_name": "Flag Status",
      "api_name": "Get current status for given flag"
    }
  ],
  "reuse_count": 1
}]
[2025-08-01 17:54:31][INFO][MainThread][Check Solvable Prompt: [{'role': 'system', 'content': '\nYour responsibility is to assess whether the given `available_tools` can handle the `query`. \nPlease evaluate with these three possible results:\n\n1. If the available APIs, based on their names and descriptions, provide all the necessary functions to complete the task, the query can be considered fully solvable, return:\n{\n    "solvable": "FullySolvable",\n    "reason": "Explain why the tools are sufficient."\n}\n\n2. If the available tools can partially resolve the query, return:\n{\n    "solvable": "PartiallySolvable",\n    "reason": "Explain which parts can be covered and which parts are not covered.",\n    "uncovered_subqueries": "Write **specific, human-readable subqueries** for the uncovered parts. For example: \'Get the timezone information for Los Angeles.\'"\n}\n\n3. If the available tools cannot help at all, return:\n{\n    "solvable": "Unsolvable",\n    "reason": "Explain why no current tools are applicable."\n}\n\nImportant:\n- Uncovered_subqueries should **merge all unmet needs into a single, clear natural language query**.\n- Never omit any unmet requirement from the original query.\n- If a tool\'s functional category covers the user\'s need and no explicit limitations are stated, assume the tool is capable of fulfilling that need.\n\nHere are some examples:\n---\nExample 1:\n{\n    "solvable": "FullySolvable",\n    "reason": "The tools can fully handle the request to get weather information and restaurant recommendations in Paris."\n}\n\nExample 2:\n{\n    "solvable": "PartiallySolvable",\n    "reason": "The tools can provide restaurant recommendations but cannot fetch the current weather information.",\n    "uncovered_subqueries": "Get the current weather in Paris."\n}\n\nExample 3:\n{\n    "solvable": "Unsolvable",\n    "reason": "The query involves translating an ancient script, and no tools are available for that task."\n}\n'}, {'role': 'user', 'content': "Query: Could you provide me with the current status of the U.S. flag along with any recent half-staff events? I'm looking for the latest updates on this matter.. Available_tools: [{'category_name': 'Events', 'tool_name': 'Flag Status', 'api_name': 'Get half-staff events for given flag', 'api_description': 'Get all half-staff events for the provided flag'}, {'category_name': 'Events', 'tool_name': 'Flag Status', 'api_name': 'Get current status for given flag', 'api_description': 'Get the current status for the provided flag'}]. Begin!"}]]
[2025-08-01 17:54:33][INFO][MainThread][Solvable: FullySolvable]
[2025-08-01 17:54:33][INFO][MainThread][Reason: The available tools include APIs to get both the current status of the U.S. flag and all recent half-staff events, which fully addresses the user's request for the latest updates on this matter.]
[2025-08-01 17:54:33][INFO][MainThread][
The number of retrieval agents: 0
Total API list size: 2
All API list detailed: [
  {
    "category_name": "Events",
    "tool_name": "Flag Status",
    "api_name": "Get half-staff events for given flag",
    "api_description": "Get all half-staff events for the provided flag"
  },
  {
    "category_name": "Events",
    "tool_name": "Flag Status",
    "api_name": "Get current status for given flag",
    "api_description": "Get the current status for the provided flag"
  }
]]
[2025-08-01 17:54:33][INFO][MainThread][algorithm: dfs]
[2025-08-01 17:54:33][INFO][MainThread][Iteration 1...]
[2025-08-01 17:54:33][INFO][MainThread][final selected node: Node(depth=0, value=0.00, visits=0, thought=, action=, observation=)]
[2025-08-01 17:54:33][INFO][MainThread][PROMPT: 
You are an advanced reasoning agent capable of solving complex tasks by using multiple apis in combination. Your task is to solve a given question by reasoning through interleaved Thought, Action, and Observation steps. If the tool doesn't solve the problem, you can try to answer it based on your own knowledge.
You can use many apis to do the following task. Note the description of each api.
After each observation, **offer the next Thought and the next Action**.
Thought can reason about the current situation and think about the next action, while Action steps involve invoking apis to retrieve or process information, Observation provides the result of the executed Action.

Important:
1. **Use only one api at a time**, output only the name of the api, if there are parameters, you can output api_name{parameter}
The parameters need to be in dictionary format, for example, {"location":"beijing"}
2. If you have already called an API with specific parameters, avoid calling it again with the same ones, as the result will not change.
3. If the tool does not return a direct answer, but clearly indicates that the tool can solve the user's problem, or it requires further actions from the user, this part of the task can also be considered completed.
4. If the current tools cannot complete the task, call Finish function to restart and give the reason.

trajectory:
Question:Could you provide me with the current status of the U.S. flag along with any recent half-staff events? I'm looking for the latest updates on this matter.
Thought 1: 
]
[2025-08-01 17:54:36][INFO][MainThread][SAMPLED ACTION 1:Thought 1: I need to check the current status of the U.S. flag first to gather information about whether it is at half-staff or full-staff. 

Action 1: 
functions.get_current_status_for_given_flag_for_flag_status{"code":"US"}]
[2025-08-01 17:54:36][INFO][MainThread][OBSERVATION: {"error": "", "response": "[{'status': 'Full-staff'}]"} 
Feedback: {'steps': 1, 'answer': None}]
[2025-08-01 17:54:36][INFO][MainThread][SAMPLED ACTION 2:Action already exists]
[2025-08-01 17:54:36][INFO][MainThread][SAMPLED ACTION 3:Action already exists]
[2025-08-01 17:54:36][INFO][MainThread][SAMPLED ACTION 4:Action already exists]
[2025-08-01 17:54:36][INFO][MainThread][SAMPLED ACTION 5:Action already exists]
[2025-08-01 17:54:36][INFO][MainThread][Length of node.children: 1]
[2025-08-01 17:54:37][INFO][MainThread][VALUES: [1.0]]
[2025-08-01 17:54:37][INFO][MainThread][ROLLING OUT DEPTH: 1]
[2025-08-01 17:54:37][INFO][MainThread][PROMPT: 
You are an advanced reasoning agent capable of solving complex tasks by using multiple apis in combination. Your task is to solve a given question by reasoning through interleaved Thought, Action, and Observation steps. If the tool doesn't solve the problem, you can try to answer it based on your own knowledge.
You can use many apis to do the following task. Note the description of each api.
After each observation, **offer the next Thought and the next Action**.
Thought can reason about the current situation and think about the next action, while Action steps involve invoking apis to retrieve or process information, Observation provides the result of the executed Action.

Important:
1. **Use only one api at a time**, output only the name of the api, if there are parameters, you can output api_name{parameter}
The parameters need to be in dictionary format, for example, {"location":"beijing"}
2. If you have already called an API with specific parameters, avoid calling it again with the same ones, as the result will not change.
3. If the tool does not return a direct answer, but clearly indicates that the tool can solve the user's problem, or it requires further actions from the user, this part of the task can also be considered completed.
4. If the current tools cannot complete the task, call Finish function to restart and give the reason.

trajectory:
Question:Could you provide me with the current status of the U.S. flag along with any recent half-staff events? I'm looking for the latest updates on this matter.
Thought 1: I need to check the current status of the U.S. flag first to gather information about whether it is at half-staff or full-staff.
Action 1: functions.get_current_status_for_given_flag_for_flag_status{"code":"US"}
Observation 1: {"error": "", "response": "[{'status': 'Full-staff'}]"}
Thought 2: 
]
[2025-08-01 17:54:41][INFO][MainThread][SAMPLED ACTION 1:Thought 2: The current status of the U.S. flag is "Full-staff." Now, I need to check for any recent half-staff events that may have occurred, even though the flag is currently at full-staff.

Action 2: functions.get_half_staff_events_for_given_flag_for_flag_status{"code":"US"}]
[2025-08-01 17:54:41][INFO][MainThread][OBSERVATION: {"error": "", "response": "[{'flag': 'US', 'issued_by': 'President', 'date_issued': '2023-01-21', 'date_start': '2023-01-22', 'date_end': '2023-01-26', 'title': 'As a mark of respect for the victims in Monterey Park', 'description': 'As a mark of respect for the victims of the senseless acts of violence perpetrated on January 21, 2023, in Monterey Park, California, by the authority vested in me as President of the United States by the Constitution and the laws of the United States of America, I hereby order that the flag of the United States shall be flown at half-staff at the White House and upon all public buildings and grounds, at all military posts and naval stations, and on all naval vessels of the Federal Government in the District of Columbia and throughout the United States and its Territories and possessions until sunset, January 26, 2023. I also direct that the flag shall be flown at half-staff for the same length of time at all United States embassies, legations, consular of... 
Feedback: {'steps': 2, 'answer': None}]
[2025-08-01 17:54:41][INFO][MainThread][SAMPLED ACTION 2:Action already exists]
[2025-08-01 17:54:41][INFO][MainThread][SAMPLED ACTION 3:Action already exists]
[2025-08-01 17:54:41][INFO][MainThread][SAMPLED ACTION 4:Action already exists]
[2025-08-01 17:54:41][INFO][MainThread][SAMPLED ACTION 5:Action already exists]
[2025-08-01 17:54:42][INFO][MainThread][values: [1.0]]
[2025-08-01 17:54:42][INFO][MainThread][rewards append 1.0]
[2025-08-01 17:54:42][INFO][MainThread][ROLLING OUT DEPTH: 2]
[2025-08-01 17:54:42][INFO][MainThread][PROMPT: 
You are an advanced reasoning agent capable of solving complex tasks by using multiple apis in combination. Your task is to solve a given question by reasoning through interleaved Thought, Action, and Observation steps. If the tool doesn't solve the problem, you can try to answer it based on your own knowledge.
You can use many apis to do the following task. Note the description of each api.
After each observation, **offer the next Thought and the next Action**.
Thought can reason about the current situation and think about the next action, while Action steps involve invoking apis to retrieve or process information, Observation provides the result of the executed Action.

Important:
1. **Use only one api at a time**, output only the name of the api, if there are parameters, you can output api_name{parameter}
The parameters need to be in dictionary format, for example, {"location":"beijing"}
2. If you have already called an API with specific parameters, avoid calling it again with the same ones, as the result will not change.
3. If the tool does not return a direct answer, but clearly indicates that the tool can solve the user's problem, or it requires further actions from the user, this part of the task can also be considered completed.
4. If the current tools cannot complete the task, call Finish function to restart and give the reason.

trajectory:
Question:Could you provide me with the current status of the U.S. flag along with any recent half-staff events? I'm looking for the latest updates on this matter.
Thought 1: I need to check the current status of the U.S. flag first to gather information about whether it is at half-staff or full-staff.
Action 1: functions.get_current_status_for_given_flag_for_flag_status{"code":"US"}
Observation 1: {"error": "", "response": "[{'status': 'Full-staff'}]"}
Thought 2: The current status of the U.S. flag is "Full-staff." Now, I need to check for any recent half-staff events that may have occurred, even though the flag is currently at full-staff.
Action 2: functions.get_half_staff_events_for_given_flag_for_flag_status{"code":"US"}
Observation 2: {"error": "", "response": "[{'flag': 'US', 'issued_by': 'President', 'date_issued': '2023-01-21', 'date_start': '2023-01-22', 'date_end': '2023-01-26', 'title': 'As a mark of respect for the victims in Monterey Park', 'description': 'As a mark of respect for the victims of the senseless acts of violence perpetrated on January 21, 2023, in Monterey Park, California, by the authority vested in me as President of the United States by the Constitution and the laws of the United States of America, I hereby order that the flag of the United States shall be flown at half-staff at the White House and upon all public buildings and grounds, at all military posts and naval stations, and on all naval vessels of the Federal Government in the District of Columbia and throughout the United States and its Territories and possessions until sunset, January 26, 2023. I also direct that the flag shall be flown at half-staff for the same length of time at all United States embassies, legations, consular of...
Thought 3: 
]
[2025-08-01 17:54:45][INFO][MainThread][SAMPLED ACTION 1:Thought 3: The current status of the U.S. flag is "Full-staff." There was a recent half-staff event that started on January 22, 2023, and ended on January 26, 2023, issued by the President in honor of the victims of violence in Monterey Park, California. 

I need to summarize the information regarding the half-staff event and provide it along with the current status of the flag.

Action 3: functions.Finish{"return_type":"give_answer","final_answer":"The current status of the U.S. flag is 'Full-staff.' Recently, there was a half-staff event from January 22, 2023 to January 26, 2023, issued by the President in honor of the victims of violence in Monterey Park, California."}]
[2025-08-01 17:54:45][INFO][MainThread][OBSERVATION: {"response":"successfully giving the final answer."} 
Feedback: {'steps': 3, 'answer': "The current status of the U.S. flag is 'Full-staff.' Recently, there was a half-staff event from January 22, 2023 to January 26, 2023, issued by the President in honor of the victims of violence in Monterey Park, California."}]
[2025-08-01 17:54:45][INFO][MainThread][Return terminal node: Node(depth=3, value=0.00, visits=0, thought=The current status of the U.S. flag is "Full-staff." There was a recent half-staff event that started on January 22, 2023, and ended on January 26, 2023, issued by the President in honor of the victims of violence in Monterey Park, California. 

I need to summarize the information regarding the half-staff event and provide it along with the current status of the flag., action=functions.Finish{"return_type":"give_answer","final_answer":"The current status of the U.S. flag is 'Full-staff.' Recently, there was a half-staff event from January 22, 2023 to January 26, 2023, issued by the President in honor of the victims of violence in Monterey Park, California."}, observation={"response":"successfully giving the final answer."})]
[2025-08-01 17:54:45][INFO][MainThread][SUCCESSFUL TRAJECTORY FOUND DURING SIMULATION]
[2025-08-01 17:54:45][INFO][MainThread][result:functions.Finish{"return_type":"give_answer","final_answer":"The current status of the U.S. flag is 'Full-staff.' Recently, there was a half-staff event from January 22, 2023 to January 26, 2023, issued by the President in honor of the victims of violence in Monterey Park, California."}]
[2025-08-01 17:54:45][INFO][MainThread][Final Answer: The current status of the U.S. flag is 'Full-staff.' Recently, there was a half-staff event from January 22, 2023 to January 26, 2023, issued by the President in honor of the victims of violence in Monterey Park, California.]
